<?xml version="1.0" encoding="UTF-8"?>
<!-- Generated by org.testng.reporters.JUnitXMLReporter -->
<testsuite hostname="LAPTOP-II6A6BGH" name="AllureTest " tests="1" failures="1" timestamp="30 Sep 2020 18:36:19 GMT" time="3.108" errors="0">
  <testcase name="table" time="2.638" classname="alluretestcase.Appointmenttestcase">
    <failure type="java.lang.AssertionError" message="expected [Dermatology Details] but found [Dermatology]">
      <![CDATA[java.lang.AssertionError: expected [Dermatology Details] but found [Dermatology]
	at alluretestcase.Appointmenttestcase.table(Appointmenttestcase.java:75)
... Removed 29 stack frames]]>
    </failure>
  </testcase> <!-- table -->
</testsuite> <!-- AllureTest  -->
